file /Users/scottstewart/Mixxx/smstewart_advanced_autodj/mixxx/src/SConscript.env,line 40:
	Configure(confdir = .sconf_temp)
scons: Configure: Checking for C library portaudio... 
scons: Configure: ".sconf_temp/conftest_0.c" is up to date.
scons: Configure: The original builder output was:
  |.sconf_temp/conftest_0.c <-
  |  |
  |  |
  |  |
  |  |int
  |  |main() {
  |  |  
  |  |return 0;
  |  |}
  |  |
  |
scons: Configure: ".sconf_temp/conftest_0.o" is up to date.
scons: Configure: The original builder output was:
  |gcc -o .sconf_temp/conftest_0.o -c -arch x86_64 -pipe -Wall -Wextra -g -Dx86_64 "-DSETTINGS_PATH=\"Library/Application Support/Mixxx/\"" -DBPMSCHEME_FILE=\"mixxxbpmscheme.xml\" -DSETTINGS_FILE=\"mixxx.cfg\" -DTRACK_FILE=\"mixxxtrack.xml\" -DSOUNDTOUCH_ALLOW_X86_OPTIMIZATIONS -I/Library/Frameworks/include -I/usr/local/include -I/sw/include -I/opt/local/include -Iosx64_build -Isrc -Ilib/soundtouch-1.6.0 -Ilib/replaygain .sconf_temp/conftest_0.c
  |
scons: Configure: ".sconf_temp/conftest_0" is up to date.
scons: Configure: The original builder output was:
  |gcc -o .sconf_temp/conftest_0 -arch x86_64 .sconf_temp/conftest_0.o -L/usr/local/lib -L/sw/lib -L/opt/local/lib -lportaudio
  |
scons: Configure: (cached) yes

scons: Configure: Checking for C library porttime... 
scons: Configure: ".sconf_temp/conftest_1.c" is up to date.
scons: Configure: The original builder output was:
  |.sconf_temp/conftest_1.c <-
  |  |
  |  |
  |  |
  |  |int
  |  |main() {
  |  |  
  |  |return 0;
  |  |}
  |  |
  |
scons: Configure: ".sconf_temp/conftest_1.o" is up to date.
scons: Configure: The original builder output was:
  |gcc -o .sconf_temp/conftest_1.o -c -arch x86_64 -pipe -Wall -Wextra -g -Dx86_64 "-DSETTINGS_PATH=\"Library/Application Support/Mixxx/\"" -DBPMSCHEME_FILE=\"mixxxbpmscheme.xml\" -DSETTINGS_FILE=\"mixxx.cfg\" -DTRACK_FILE=\"mixxxtrack.xml\" -DSOUNDTOUCH_ALLOW_X86_OPTIMIZATIONS -D__PORTAUDIO__ -I/Library/Frameworks/include -I/usr/local/include -I/sw/include -I/opt/local/include -Iosx64_build -Isrc -Ilib/soundtouch-1.6.0 -Ilib/replaygain .sconf_temp/conftest_1.c
  |
scons: Configure: Building ".sconf_temp/conftest_1" failed in a previous run and all its sources are up to date.
scons: Configure: The original builder output was:
  |gcc -o .sconf_temp/conftest_1 -arch x86_64 .sconf_temp/conftest_1.o -L/usr/local/lib -L/sw/lib -L/opt/local/lib -lportaudio -lporttime
  |
scons: Configure: (cached) no

scons: Configure: Checking for C library libporttime... 
scons: Configure: ".sconf_temp/conftest_2.c" is up to date.
scons: Configure: The original builder output was:
  |.sconf_temp/conftest_2.c <-
  |  |
  |  |
  |  |
  |  |int
  |  |main() {
  |  |  
  |  |return 0;
  |  |}
  |  |
  |
scons: Configure: ".sconf_temp/conftest_2.o" is up to date.
scons: Configure: The original builder output was:
  |gcc -o .sconf_temp/conftest_2.o -c -arch x86_64 -pipe -Wall -Wextra -g -Dx86_64 "-DSETTINGS_PATH=\"Library/Application Support/Mixxx/\"" -DBPMSCHEME_FILE=\"mixxxbpmscheme.xml\" -DSETTINGS_FILE=\"mixxx.cfg\" -DTRACK_FILE=\"mixxxtrack.xml\" -DSOUNDTOUCH_ALLOW_X86_OPTIMIZATIONS -D__PORTAUDIO__ -I/Library/Frameworks/include -I/usr/local/include -I/sw/include -I/opt/local/include -Iosx64_build -Isrc -Ilib/soundtouch-1.6.0 -Ilib/replaygain .sconf_temp/conftest_2.c
  |
scons: Configure: Building ".sconf_temp/conftest_2" failed in a previous run and all its sources are up to date.
scons: Configure: The original builder output was:
  |gcc -o .sconf_temp/conftest_2 -arch x86_64 .sconf_temp/conftest_2.o -L/usr/local/lib -L/sw/lib -L/opt/local/lib -lportaudio -lporttime
  |
scons: Configure: (cached) no

scons: Configure: Checking for C header file porttime.h... 
scons: Configure: ".sconf_temp/conftest_3.c" is up to date.
scons: Configure: The original builder output was:
  |.sconf_temp/conftest_3.c <-
  |  |
  |  |#include <porttime.h>
  |  |
  |  |
  |
scons: Configure: ".sconf_temp/conftest_3.o" is up to date.
scons: Configure: The original builder output was:
  |gcc -o .sconf_temp/conftest_3.o -c -arch x86_64 -pipe -Wall -Wextra -g -Dx86_64 "-DSETTINGS_PATH=\"Library/Application Support/Mixxx/\"" -DBPMSCHEME_FILE=\"mixxxbpmscheme.xml\" -DSETTINGS_FILE=\"mixxx.cfg\" -DTRACK_FILE=\"mixxxtrack.xml\" -DSOUNDTOUCH_ALLOW_X86_OPTIMIZATIONS -D__PORTAUDIO__ -I/Library/Frameworks/include -I/usr/local/include -I/sw/include -I/opt/local/include -Iosx64_build -Isrc -Ilib/soundtouch-1.6.0 -Ilib/replaygain .sconf_temp/conftest_3.c
  |
scons: Configure: (cached) yes

scons: Configure: Checking for C library portmidi... 
scons: Configure: ".sconf_temp/conftest_4.c" is up to date.
scons: Configure: The original builder output was:
  |.sconf_temp/conftest_4.c <-
  |  |
  |  |
  |  |
  |  |int
  |  |main() {
  |  |  
  |  |return 0;
  |  |}
  |  |
  |
scons: Configure: ".sconf_temp/conftest_4.o" is up to date.
scons: Configure: The original builder output was:
  |gcc -o .sconf_temp/conftest_4.o -c -arch x86_64 -pipe -Wall -Wextra -g -Dx86_64 "-DSETTINGS_PATH=\"Library/Application Support/Mixxx/\"" -DBPMSCHEME_FILE=\"mixxxbpmscheme.xml\" -DSETTINGS_FILE=\"mixxx.cfg\" -DTRACK_FILE=\"mixxxtrack.xml\" -DSOUNDTOUCH_ALLOW_X86_OPTIMIZATIONS -D__PORTAUDIO__ -I/Library/Frameworks/include -I/usr/local/include -I/sw/include -I/opt/local/include -Iosx64_build -Isrc -Ilib/soundtouch-1.6.0 -Ilib/replaygain .sconf_temp/conftest_4.c
  |
scons: Configure: ".sconf_temp/conftest_4" is up to date.
scons: Configure: The original builder output was:
  |gcc -o .sconf_temp/conftest_4 -arch x86_64 .sconf_temp/conftest_4.o -L/usr/local/lib -L/sw/lib -L/opt/local/lib -lportaudio -lportmidi
  |
scons: Configure: (cached) yes

scons: Configure: Checking for C library sndfile... 
scons: Configure: ".sconf_temp/conftest_5.c" is up to date.
scons: Configure: The original builder output was:
  |.sconf_temp/conftest_5.c <-
  |  |
  |  |
  |  |
  |  |int
  |  |main() {
  |  |  
  |  |return 0;
  |  |}
  |  |
  |
scons: Configure: ".sconf_temp/conftest_5.o" is up to date.
scons: Configure: The original builder output was:
  |gcc -o .sconf_temp/conftest_5.o -c -arch x86_64 -pipe -Wall -Wextra -g -Dx86_64 "-DSETTINGS_PATH=\"Library/Application Support/Mixxx/\"" -DBPMSCHEME_FILE=\"mixxxbpmscheme.xml\" -DSETTINGS_FILE=\"mixxx.cfg\" -DTRACK_FILE=\"mixxxtrack.xml\" -DSOUNDTOUCH_ALLOW_X86_OPTIMIZATIONS -D__PORTAUDIO__ -DQT_SHARED -DQT_TABLET_SUPPORT -I/Library/Frameworks/include -I/usr/local/include -I/sw/include -I/opt/local/include -Iosx64_build -Isrc -Ilib/soundtouch-1.6.0 -Ilib/replaygain -I/Library/Frameworks/QtCore.framework/Headers -I/Library/Frameworks/QtOpenGL.framework/Headers -I/Library/Frameworks/QtGui.framework/Headers -I/Library/Frameworks/QtXml.framework/Headers -I/Library/Frameworks/QtNetwork.framework/Headers -I/Library/Frameworks/QtSql.framework/Headers -I/Library/Frameworks/QtWebKit.framework/Headers -I/Library/Frameworks/QtScript.framework/Headers -Ilib/fidlib-0.9.10 .sconf_temp/conftest_5.c
  |
scons: Configure: ".sconf_temp/conftest_5" is up to date.
scons: Configure: The original builder output was:
  |gcc -o .sconf_temp/conftest_5 -arch x86_64 -framework QtCore -framework QtOpenGL -framework QtGui -framework QtSql -framework QtXml -framework QtXmlPatterns -framework QtNetwork -framework QtSql -framework QtScript -framework QtWebKit -Wl,-rpath,/Library/Frameworks/lib .sconf_temp/conftest_5.o -L/usr/local/lib -L/sw/lib -L/opt/local/lib -lportaudio -lportmidi -lsndfile
  |
scons: Configure: (cached) yes

scons: Configure: Checking for C header file FLAC/stream_decoder.h... 
scons: Configure: ".sconf_temp/conftest_6.c" is up to date.
scons: Configure: The original builder output was:
  |.sconf_temp/conftest_6.c <-
  |  |
  |  |#include <FLAC/stream_decoder.h>
  |  |
  |  |
  |
scons: Configure: ".sconf_temp/conftest_6.o" is up to date.
scons: Configure: The original builder output was:
  |gcc -o .sconf_temp/conftest_6.o -c -arch x86_64 -pipe -Wall -Wextra -g -Dx86_64 "-DSETTINGS_PATH=\"Library/Application Support/Mixxx/\"" -DBPMSCHEME_FILE=\"mixxxbpmscheme.xml\" -DSETTINGS_FILE=\"mixxx.cfg\" -DTRACK_FILE=\"mixxxtrack.xml\" -DSOUNDTOUCH_ALLOW_X86_OPTIMIZATIONS -D__PORTAUDIO__ -DQT_SHARED -DQT_TABLET_SUPPORT -D__SNDFILE__ -I/Library/Frameworks/include -I/usr/local/include -I/sw/include -I/opt/local/include -Iosx64_build -Isrc -Ilib/soundtouch-1.6.0 -Ilib/replaygain -I/Library/Frameworks/QtCore.framework/Headers -I/Library/Frameworks/QtOpenGL.framework/Headers -I/Library/Frameworks/QtGui.framework/Headers -I/Library/Frameworks/QtXml.framework/Headers -I/Library/Frameworks/QtNetwork.framework/Headers -I/Library/Frameworks/QtSql.framework/Headers -I/Library/Frameworks/QtWebKit.framework/Headers -I/Library/Frameworks/QtScript.framework/Headers -Ilib/fidlib-0.9.10 .sconf_temp/conftest_6.c
  |
scons: Configure: (cached) yes

scons: Configure: Checking for C library libFLAC... 
scons: Configure: ".sconf_temp/conftest_7.c" is up to date.
scons: Configure: The original builder output was:
  |.sconf_temp/conftest_7.c <-
  |  |
  |  |
  |  |
  |  |int
  |  |main() {
  |  |  
  |  |return 0;
  |  |}
  |  |
  |
scons: Configure: ".sconf_temp/conftest_7.o" is up to date.
scons: Configure: The original builder output was:
  |gcc -o .sconf_temp/conftest_7.o -c -arch x86_64 -pipe -Wall -Wextra -g -Dx86_64 "-DSETTINGS_PATH=\"Library/Application Support/Mixxx/\"" -DBPMSCHEME_FILE=\"mixxxbpmscheme.xml\" -DSETTINGS_FILE=\"mixxx.cfg\" -DTRACK_FILE=\"mixxxtrack.xml\" -DSOUNDTOUCH_ALLOW_X86_OPTIMIZATIONS -D__PORTAUDIO__ -DQT_SHARED -DQT_TABLET_SUPPORT -D__SNDFILE__ -I/Library/Frameworks/include -I/usr/local/include -I/sw/include -I/opt/local/include -Iosx64_build -Isrc -Ilib/soundtouch-1.6.0 -Ilib/replaygain -I/Library/Frameworks/QtCore.framework/Headers -I/Library/Frameworks/QtOpenGL.framework/Headers -I/Library/Frameworks/QtGui.framework/Headers -I/Library/Frameworks/QtXml.framework/Headers -I/Library/Frameworks/QtNetwork.framework/Headers -I/Library/Frameworks/QtSql.framework/Headers -I/Library/Frameworks/QtWebKit.framework/Headers -I/Library/Frameworks/QtScript.framework/Headers -Ilib/fidlib-0.9.10 .sconf_temp/conftest_7.c
  |
scons: Configure: ".sconf_temp/conftest_7" is up to date.
scons: Configure: The original builder output was:
  |gcc -o .sconf_temp/conftest_7 -arch x86_64 -framework QtCore -framework QtOpenGL -framework QtGui -framework QtSql -framework QtXml -framework QtXmlPatterns -framework QtNetwork -framework QtSql -framework QtScript -framework QtWebKit -Wl,-rpath,/Library/Frameworks/lib .sconf_temp/conftest_7.o -L/usr/local/lib -L/sw/lib -L/opt/local/lib -lportaudio -lportmidi -lsndfile -lFLAC
  |
scons: Configure: (cached) yes

scons: Configure: Checking for C library libvorbisfile... 
scons: Configure: ".sconf_temp/conftest_8.c" is up to date.
scons: Configure: The original builder output was:
  |.sconf_temp/conftest_8.c <-
  |  |
  |  |
  |  |
  |  |int
  |  |main() {
  |  |  
  |  |return 0;
  |  |}
  |  |
  |
scons: Configure: ".sconf_temp/conftest_8.o" is up to date.
scons: Configure: The original builder output was:
  |gcc -o .sconf_temp/conftest_8.o -c -arch x86_64 -pipe -Wall -Wextra -g -Dx86_64 "-DSETTINGS_PATH=\"Library/Application Support/Mixxx/\"" -DBPMSCHEME_FILE=\"mixxxbpmscheme.xml\" -DSETTINGS_FILE=\"mixxx.cfg\" -DTRACK_FILE=\"mixxxtrack.xml\" -DSOUNDTOUCH_ALLOW_X86_OPTIMIZATIONS -D__PORTAUDIO__ -DQT_SHARED -DQT_TABLET_SUPPORT -D__SNDFILE__ -I/Library/Frameworks/include -I/usr/local/include -I/sw/include -I/opt/local/include -Iosx64_build -Isrc -Ilib/soundtouch-1.6.0 -Ilib/replaygain -I/Library/Frameworks/QtCore.framework/Headers -I/Library/Frameworks/QtOpenGL.framework/Headers -I/Library/Frameworks/QtGui.framework/Headers -I/Library/Frameworks/QtXml.framework/Headers -I/Library/Frameworks/QtNetwork.framework/Headers -I/Library/Frameworks/QtSql.framework/Headers -I/Library/Frameworks/QtWebKit.framework/Headers -I/Library/Frameworks/QtScript.framework/Headers -Ilib/fidlib-0.9.10 .sconf_temp/conftest_8.c
  |
scons: Configure: ".sconf_temp/conftest_8" is up to date.
scons: Configure: The original builder output was:
  |gcc -o .sconf_temp/conftest_8 -arch x86_64 -framework QtCore -framework QtOpenGL -framework QtGui -framework QtSql -framework QtXml -framework QtXmlPatterns -framework QtNetwork -framework QtSql -framework QtScript -framework QtWebKit -Wl,-rpath,/Library/Frameworks/lib .sconf_temp/conftest_8.o -L/usr/local/lib -L/sw/lib -L/opt/local/lib -lportaudio -lportmidi -lsndfile -lFLAC -lvorbisfile
  |
scons: Configure: (cached) yes

scons: Configure: Checking for C library libvorbis... 
scons: Configure: ".sconf_temp/conftest_9.c" is up to date.
scons: Configure: The original builder output was:
  |.sconf_temp/conftest_9.c <-
  |  |
  |  |
  |  |
  |  |int
  |  |main() {
  |  |  
  |  |return 0;
  |  |}
  |  |
  |
scons: Configure: ".sconf_temp/conftest_9.o" is up to date.
scons: Configure: The original builder output was:
  |gcc -o .sconf_temp/conftest_9.o -c -arch x86_64 -pipe -Wall -Wextra -g -Dx86_64 "-DSETTINGS_PATH=\"Library/Application Support/Mixxx/\"" -DBPMSCHEME_FILE=\"mixxxbpmscheme.xml\" -DSETTINGS_FILE=\"mixxx.cfg\" -DTRACK_FILE=\"mixxxtrack.xml\" -DSOUNDTOUCH_ALLOW_X86_OPTIMIZATIONS -D__PORTAUDIO__ -DQT_SHARED -DQT_TABLET_SUPPORT -D__SNDFILE__ -I/Library/Frameworks/include -I/usr/local/include -I/sw/include -I/opt/local/include -Iosx64_build -Isrc -Ilib/soundtouch-1.6.0 -Ilib/replaygain -I/Library/Frameworks/QtCore.framework/Headers -I/Library/Frameworks/QtOpenGL.framework/Headers -I/Library/Frameworks/QtGui.framework/Headers -I/Library/Frameworks/QtXml.framework/Headers -I/Library/Frameworks/QtNetwork.framework/Headers -I/Library/Frameworks/QtSql.framework/Headers -I/Library/Frameworks/QtWebKit.framework/Headers -I/Library/Frameworks/QtScript.framework/Headers -Ilib/fidlib-0.9.10 .sconf_temp/conftest_9.c
  |
scons: Configure: ".sconf_temp/conftest_9" is up to date.
scons: Configure: The original builder output was:
  |gcc -o .sconf_temp/conftest_9 -arch x86_64 -framework QtCore -framework QtOpenGL -framework QtGui -framework QtSql -framework QtXml -framework QtXmlPatterns -framework QtNetwork -framework QtSql -framework QtScript -framework QtWebKit -Wl,-rpath,/Library/Frameworks/lib .sconf_temp/conftest_9.o -L/usr/local/lib -L/sw/lib -L/opt/local/lib -lportaudio -lportmidi -lsndfile -lFLAC -lvorbisfile -lvorbis
  |
scons: Configure: (cached) yes

scons: Configure: Checking for C library libogg... 
scons: Configure: ".sconf_temp/conftest_10.c" is up to date.
scons: Configure: The original builder output was:
  |.sconf_temp/conftest_10.c <-
  |  |
  |  |
  |  |
  |  |int
  |  |main() {
  |  |  
  |  |return 0;
  |  |}
  |  |
  |
scons: Configure: ".sconf_temp/conftest_10.o" is up to date.
scons: Configure: The original builder output was:
  |gcc -o .sconf_temp/conftest_10.o -c -arch x86_64 -pipe -Wall -Wextra -g -Dx86_64 "-DSETTINGS_PATH=\"Library/Application Support/Mixxx/\"" -DBPMSCHEME_FILE=\"mixxxbpmscheme.xml\" -DSETTINGS_FILE=\"mixxx.cfg\" -DTRACK_FILE=\"mixxxtrack.xml\" -DSOUNDTOUCH_ALLOW_X86_OPTIMIZATIONS -D__PORTAUDIO__ -DQT_SHARED -DQT_TABLET_SUPPORT -D__SNDFILE__ -I/Library/Frameworks/include -I/usr/local/include -I/sw/include -I/opt/local/include -Iosx64_build -Isrc -Ilib/soundtouch-1.6.0 -Ilib/replaygain -I/Library/Frameworks/QtCore.framework/Headers -I/Library/Frameworks/QtOpenGL.framework/Headers -I/Library/Frameworks/QtGui.framework/Headers -I/Library/Frameworks/QtXml.framework/Headers -I/Library/Frameworks/QtNetwork.framework/Headers -I/Library/Frameworks/QtSql.framework/Headers -I/Library/Frameworks/QtWebKit.framework/Headers -I/Library/Frameworks/QtScript.framework/Headers -Ilib/fidlib-0.9.10 .sconf_temp/conftest_10.c
  |
scons: Configure: ".sconf_temp/conftest_10" is up to date.
scons: Configure: The original builder output was:
  |gcc -o .sconf_temp/conftest_10 -arch x86_64 -framework QtCore -framework QtOpenGL -framework QtGui -framework QtSql -framework QtXml -framework QtXmlPatterns -framework QtNetwork -framework QtSql -framework QtScript -framework QtWebKit -Wl,-rpath,/Library/Frameworks/lib .sconf_temp/conftest_10.o -L/usr/local/lib -L/sw/lib -L/opt/local/lib -lportaudio -lportmidi -lsndfile -lFLAC -lvorbisfile -lvorbis -logg
  |
scons: Configure: (cached) yes

scons: Configure: Checking for C library GL... 
scons: Configure: ".sconf_temp/conftest_11.c" is up to date.
scons: Configure: The original builder output was:
  |.sconf_temp/conftest_11.c <-
  |  |
  |  |
  |  |
  |  |int
  |  |main() {
  |  |  
  |  |return 0;
  |  |}
  |  |
  |
scons: Configure: ".sconf_temp/conftest_11.o" is up to date.
scons: Configure: The original builder output was:
  |gcc -o .sconf_temp/conftest_11.o -c -arch x86_64 -pipe -Wall -Wextra -g -Dx86_64 "-DSETTINGS_PATH=\"Library/Application Support/Mixxx/\"" -DBPMSCHEME_FILE=\"mixxxbpmscheme.xml\" -DSETTINGS_FILE=\"mixxx.cfg\" -DTRACK_FILE=\"mixxxtrack.xml\" -DSOUNDTOUCH_ALLOW_X86_OPTIMIZATIONS -D__PORTAUDIO__ -DQT_SHARED -DQT_TABLET_SUPPORT -D__SNDFILE__ -I/Library/Frameworks/include -I/usr/local/include -I/sw/include -I/opt/local/include -Iosx64_build -Isrc -Ilib/soundtouch-1.6.0 -Ilib/replaygain -I/Library/Frameworks/QtCore.framework/Headers -I/Library/Frameworks/QtOpenGL.framework/Headers -I/Library/Frameworks/QtGui.framework/Headers -I/Library/Frameworks/QtXml.framework/Headers -I/Library/Frameworks/QtNetwork.framework/Headers -I/Library/Frameworks/QtSql.framework/Headers -I/Library/Frameworks/QtWebKit.framework/Headers -I/Library/Frameworks/QtScript.framework/Headers -Ilib/fidlib-0.9.10 .sconf_temp/conftest_11.c
  |
scons: Configure: Building ".sconf_temp/conftest_11" failed in a previous run and all its sources are up to date.
scons: Configure: The original builder output was:
  |gcc -o .sconf_temp/conftest_11 -arch x86_64 -framework QtCore -framework QtOpenGL -framework QtGui -framework QtSql -framework QtXml -framework QtXmlPatterns -framework QtNetwork -framework QtSql -framework QtScript -framework QtWebKit -Wl,-rpath,/Library/Frameworks/lib .sconf_temp/conftest_11.o -L/usr/local/lib -L/sw/lib -L/opt/local/lib -lportaudio -lportmidi -lsndfile -lFLAC -lvorbisfile -lvorbis -logg -lGL
  |
scons: Configure: (cached) no

scons: Configure: Checking for C library opengl32... 
scons: Configure: ".sconf_temp/conftest_12.c" is up to date.
scons: Configure: The original builder output was:
  |.sconf_temp/conftest_12.c <-
  |  |
  |  |
  |  |
  |  |int
  |  |main() {
  |  |  
  |  |return 0;
  |  |}
  |  |
  |
scons: Configure: ".sconf_temp/conftest_12.o" is up to date.
scons: Configure: The original builder output was:
  |gcc -o .sconf_temp/conftest_12.o -c -arch x86_64 -pipe -Wall -Wextra -g -Dx86_64 "-DSETTINGS_PATH=\"Library/Application Support/Mixxx/\"" -DBPMSCHEME_FILE=\"mixxxbpmscheme.xml\" -DSETTINGS_FILE=\"mixxx.cfg\" -DTRACK_FILE=\"mixxxtrack.xml\" -DSOUNDTOUCH_ALLOW_X86_OPTIMIZATIONS -D__PORTAUDIO__ -DQT_SHARED -DQT_TABLET_SUPPORT -D__SNDFILE__ -I/Library/Frameworks/include -I/usr/local/include -I/sw/include -I/opt/local/include -Iosx64_build -Isrc -Ilib/soundtouch-1.6.0 -Ilib/replaygain -I/Library/Frameworks/QtCore.framework/Headers -I/Library/Frameworks/QtOpenGL.framework/Headers -I/Library/Frameworks/QtGui.framework/Headers -I/Library/Frameworks/QtXml.framework/Headers -I/Library/Frameworks/QtNetwork.framework/Headers -I/Library/Frameworks/QtSql.framework/Headers -I/Library/Frameworks/QtWebKit.framework/Headers -I/Library/Frameworks/QtScript.framework/Headers -Ilib/fidlib-0.9.10 .sconf_temp/conftest_12.c
  |
scons: Configure: Building ".sconf_temp/conftest_12" failed in a previous run and all its sources are up to date.
scons: Configure: The original builder output was:
  |gcc -o .sconf_temp/conftest_12 -arch x86_64 -framework QtCore -framework QtOpenGL -framework QtGui -framework QtSql -framework QtXml -framework QtXmlPatterns -framework QtNetwork -framework QtSql -framework QtScript -framework QtWebKit -Wl,-rpath,/Library/Frameworks/lib .sconf_temp/conftest_12.o -L/usr/local/lib -L/sw/lib -L/opt/local/lib -lportaudio -lportmidi -lsndfile -lFLAC -lvorbisfile -lvorbis -logg -lopengl32
  |
scons: Configure: (cached) no

scons: Configure: Checking for C header file /System/Library/Frameworks/OpenGL.framework/Versions/A/Headers/gl.h... 
scons: Configure: ".sconf_temp/conftest_13.c" is up to date.
scons: Configure: The original builder output was:
  |.sconf_temp/conftest_13.c <-
  |  |
  |  |#include "/System/Library/Frameworks/OpenGL.framework/Versions/A/Headers/gl.h"
  |  |
  |  |
  |
scons: Configure: ".sconf_temp/conftest_13.o" is up to date.
scons: Configure: The original builder output was:
  |gcc -o .sconf_temp/conftest_13.o -c -arch x86_64 -pipe -Wall -Wextra -g -Dx86_64 "-DSETTINGS_PATH=\"Library/Application Support/Mixxx/\"" -DBPMSCHEME_FILE=\"mixxxbpmscheme.xml\" -DSETTINGS_FILE=\"mixxx.cfg\" -DTRACK_FILE=\"mixxxtrack.xml\" -DSOUNDTOUCH_ALLOW_X86_OPTIMIZATIONS -D__PORTAUDIO__ -DQT_SHARED -DQT_TABLET_SUPPORT -D__SNDFILE__ -I/Library/Frameworks/include -I/usr/local/include -I/sw/include -I/opt/local/include -Iosx64_build -Isrc -Ilib/soundtouch-1.6.0 -Ilib/replaygain -I/Library/Frameworks/QtCore.framework/Headers -I/Library/Frameworks/QtOpenGL.framework/Headers -I/Library/Frameworks/QtGui.framework/Headers -I/Library/Frameworks/QtXml.framework/Headers -I/Library/Frameworks/QtNetwork.framework/Headers -I/Library/Frameworks/QtSql.framework/Headers -I/Library/Frameworks/QtWebKit.framework/Headers -I/Library/Frameworks/QtScript.framework/Headers -Ilib/fidlib-0.9.10 .sconf_temp/conftest_13.c
  |
scons: Configure: (cached) yes

scons: Configure: Checking for C library GLU... 
scons: Configure: ".sconf_temp/conftest_14.c" is up to date.
scons: Configure: The original builder output was:
  |.sconf_temp/conftest_14.c <-
  |  |
  |  |
  |  |
  |  |int
  |  |main() {
  |  |  
  |  |return 0;
  |  |}
  |  |
  |
scons: Configure: ".sconf_temp/conftest_14.o" is up to date.
scons: Configure: The original builder output was:
  |gcc -o .sconf_temp/conftest_14.o -c -arch x86_64 -pipe -Wall -Wextra -g -Dx86_64 "-DSETTINGS_PATH=\"Library/Application Support/Mixxx/\"" -DBPMSCHEME_FILE=\"mixxxbpmscheme.xml\" -DSETTINGS_FILE=\"mixxx.cfg\" -DTRACK_FILE=\"mixxxtrack.xml\" -DSOUNDTOUCH_ALLOW_X86_OPTIMIZATIONS -D__PORTAUDIO__ -DQT_SHARED -DQT_TABLET_SUPPORT -D__SNDFILE__ -I/Library/Frameworks/include -I/usr/local/include -I/sw/include -I/opt/local/include -Iosx64_build -Isrc -Ilib/soundtouch-1.6.0 -Ilib/replaygain -I/Library/Frameworks/QtCore.framework/Headers -I/Library/Frameworks/QtOpenGL.framework/Headers -I/Library/Frameworks/QtGui.framework/Headers -I/Library/Frameworks/QtXml.framework/Headers -I/Library/Frameworks/QtNetwork.framework/Headers -I/Library/Frameworks/QtSql.framework/Headers -I/Library/Frameworks/QtWebKit.framework/Headers -I/Library/Frameworks/QtScript.framework/Headers -Ilib/fidlib-0.9.10 .sconf_temp/conftest_14.c
  |
scons: Configure: Building ".sconf_temp/conftest_14" failed in a previous run and all its sources are up to date.
scons: Configure: The original builder output was:
  |gcc -o .sconf_temp/conftest_14 -arch x86_64 -framework QtCore -framework QtOpenGL -framework QtGui -framework QtSql -framework QtXml -framework QtXmlPatterns -framework QtNetwork -framework QtSql -framework QtScript -framework QtWebKit -Wl,-rpath,/Library/Frameworks/lib .sconf_temp/conftest_14.o -L/usr/local/lib -L/sw/lib -L/opt/local/lib -lportaudio -lportmidi -lsndfile -lFLAC -lvorbisfile -lvorbis -logg -lGLU
  |
scons: Configure: (cached) no

scons: Configure: Checking for C library glu32... 
scons: Configure: ".sconf_temp/conftest_15.c" is up to date.
scons: Configure: The original builder output was:
  |.sconf_temp/conftest_15.c <-
  |  |
  |  |
  |  |
  |  |int
  |  |main() {
  |  |  
  |  |return 0;
  |  |}
  |  |
  |
scons: Configure: ".sconf_temp/conftest_15.o" is up to date.
scons: Configure: The original builder output was:
  |gcc -o .sconf_temp/conftest_15.o -c -arch x86_64 -pipe -Wall -Wextra -g -Dx86_64 "-DSETTINGS_PATH=\"Library/Application Support/Mixxx/\"" -DBPMSCHEME_FILE=\"mixxxbpmscheme.xml\" -DSETTINGS_FILE=\"mixxx.cfg\" -DTRACK_FILE=\"mixxxtrack.xml\" -DSOUNDTOUCH_ALLOW_X86_OPTIMIZATIONS -D__PORTAUDIO__ -DQT_SHARED -DQT_TABLET_SUPPORT -D__SNDFILE__ -I/Library/Frameworks/include -I/usr/local/include -I/sw/include -I/opt/local/include -Iosx64_build -Isrc -Ilib/soundtouch-1.6.0 -Ilib/replaygain -I/Library/Frameworks/QtCore.framework/Headers -I/Library/Frameworks/QtOpenGL.framework/Headers -I/Library/Frameworks/QtGui.framework/Headers -I/Library/Frameworks/QtXml.framework/Headers -I/Library/Frameworks/QtNetwork.framework/Headers -I/Library/Frameworks/QtSql.framework/Headers -I/Library/Frameworks/QtWebKit.framework/Headers -I/Library/Frameworks/QtScript.framework/Headers -Ilib/fidlib-0.9.10 .sconf_temp/conftest_15.c
  |
scons: Configure: Building ".sconf_temp/conftest_15" failed in a previous run and all its sources are up to date.
scons: Configure: The original builder output was:
  |gcc -o .sconf_temp/conftest_15 -arch x86_64 -framework QtCore -framework QtOpenGL -framework QtGui -framework QtSql -framework QtXml -framework QtXmlPatterns -framework QtNetwork -framework QtSql -framework QtScript -framework QtWebKit -Wl,-rpath,/Library/Frameworks/lib .sconf_temp/conftest_15.o -L/usr/local/lib -L/sw/lib -L/opt/local/lib -lportaudio -lportmidi -lsndfile -lFLAC -lvorbisfile -lvorbis -logg -lglu32
  |
scons: Configure: (cached) no

scons: Configure: Checking for C header file /System/Library/Frameworks/OpenGL.framework/Versions/A/Headers/glu.h... 
scons: Configure: ".sconf_temp/conftest_16.c" is up to date.
scons: Configure: The original builder output was:
  |.sconf_temp/conftest_16.c <-
  |  |
  |  |#include "/System/Library/Frameworks/OpenGL.framework/Versions/A/Headers/glu.h"
  |  |
  |  |
  |
scons: Configure: ".sconf_temp/conftest_16.o" is up to date.
scons: Configure: The original builder output was:
  |gcc -o .sconf_temp/conftest_16.o -c -arch x86_64 -pipe -Wall -Wextra -g -Dx86_64 "-DSETTINGS_PATH=\"Library/Application Support/Mixxx/\"" -DBPMSCHEME_FILE=\"mixxxbpmscheme.xml\" -DSETTINGS_FILE=\"mixxx.cfg\" -DTRACK_FILE=\"mixxxtrack.xml\" -DSOUNDTOUCH_ALLOW_X86_OPTIMIZATIONS -D__PORTAUDIO__ -DQT_SHARED -DQT_TABLET_SUPPORT -D__SNDFILE__ -I/Library/Frameworks/include -I/usr/local/include -I/sw/include -I/opt/local/include -Iosx64_build -Isrc -Ilib/soundtouch-1.6.0 -Ilib/replaygain -I/Library/Frameworks/QtCore.framework/Headers -I/Library/Frameworks/QtOpenGL.framework/Headers -I/Library/Frameworks/QtGui.framework/Headers -I/Library/Frameworks/QtXml.framework/Headers -I/Library/Frameworks/QtNetwork.framework/Headers -I/Library/Frameworks/QtSql.framework/Headers -I/Library/Frameworks/QtWebKit.framework/Headers -I/Library/Frameworks/QtScript.framework/Headers -Ilib/fidlib-0.9.10 .sconf_temp/conftest_16.c
  |
scons: Configure: (cached) yes

scons: Configure: Checking for C library tag... 
scons: Configure: ".sconf_temp/conftest_17.c" is up to date.
scons: Configure: The original builder output was:
  |.sconf_temp/conftest_17.c <-
  |  |
  |  |
  |  |
  |  |int
  |  |main() {
  |  |  
  |  |return 0;
  |  |}
  |  |
  |
scons: Configure: ".sconf_temp/conftest_17.o" is up to date.
scons: Configure: The original builder output was:
  |gcc -o .sconf_temp/conftest_17.o -c -arch x86_64 -pipe -Wall -Wextra -g -Dx86_64 "-DSETTINGS_PATH=\"Library/Application Support/Mixxx/\"" -DBPMSCHEME_FILE=\"mixxxbpmscheme.xml\" -DSETTINGS_FILE=\"mixxx.cfg\" -DTRACK_FILE=\"mixxxtrack.xml\" -DSOUNDTOUCH_ALLOW_X86_OPTIMIZATIONS -D__PORTAUDIO__ -DQT_SHARED -DQT_TABLET_SUPPORT -D__SNDFILE__ -I/Library/Frameworks/include -I/usr/local/include -I/sw/include -I/opt/local/include -Iosx64_build -Isrc -Ilib/soundtouch-1.6.0 -Ilib/replaygain -I/Library/Frameworks/QtCore.framework/Headers -I/Library/Frameworks/QtOpenGL.framework/Headers -I/Library/Frameworks/QtGui.framework/Headers -I/Library/Frameworks/QtXml.framework/Headers -I/Library/Frameworks/QtNetwork.framework/Headers -I/Library/Frameworks/QtSql.framework/Headers -I/Library/Frameworks/QtWebKit.framework/Headers -I/Library/Frameworks/QtScript.framework/Headers -Ilib/fidlib-0.9.10 -I/Library/Frameworks/OpenGL.framework/Headers .sconf_temp/conftest_17.c
  |
scons: Configure: ".sconf_temp/conftest_17" is up to date.
scons: Configure: The original builder output was:
  |gcc -o .sconf_temp/conftest_17 -arch x86_64 -framework QtCore -framework QtOpenGL -framework QtGui -framework QtSql -framework QtXml -framework QtXmlPatterns -framework QtNetwork -framework QtSql -framework QtScript -framework QtWebKit -Wl,-rpath,/Library/Frameworks/lib -framework OpenGL .sconf_temp/conftest_17.o -L/usr/local/lib -L/sw/lib -L/opt/local/lib -lportaudio -lportmidi -lsndfile -lFLAC -lvorbisfile -lvorbis -logg -ltag
  |
scons: Configure: (cached) yes

scons: Configure: Checking for C library libprotobuf-lite... 
scons: Configure: ".sconf_temp/conftest_18.c" is up to date.
scons: Configure: The original builder output was:
  |.sconf_temp/conftest_18.c <-
  |  |
  |  |
  |  |
  |  |int
  |  |main() {
  |  |  
  |  |return 0;
  |  |}
  |  |
  |
scons: Configure: ".sconf_temp/conftest_18.o" is up to date.
scons: Configure: The original builder output was:
  |gcc -o .sconf_temp/conftest_18.o -c -arch x86_64 -pipe -Wall -Wextra -g -Dx86_64 "-DSETTINGS_PATH=\"Library/Application Support/Mixxx/\"" -DBPMSCHEME_FILE=\"mixxxbpmscheme.xml\" -DSETTINGS_FILE=\"mixxx.cfg\" -DTRACK_FILE=\"mixxxtrack.xml\" -DSOUNDTOUCH_ALLOW_X86_OPTIMIZATIONS -D__PORTAUDIO__ -DQT_SHARED -DQT_TABLET_SUPPORT -D__SNDFILE__ -I/Library/Frameworks/include -I/usr/local/include -I/sw/include -I/opt/local/include -Iosx64_build -Isrc -Ilib/soundtouch-1.6.0 -Ilib/replaygain -I/Library/Frameworks/QtCore.framework/Headers -I/Library/Frameworks/QtOpenGL.framework/Headers -I/Library/Frameworks/QtGui.framework/Headers -I/Library/Frameworks/QtXml.framework/Headers -I/Library/Frameworks/QtNetwork.framework/Headers -I/Library/Frameworks/QtSql.framework/Headers -I/Library/Frameworks/QtWebKit.framework/Headers -I/Library/Frameworks/QtScript.framework/Headers -Ilib/fidlib-0.9.10 -I/Library/Frameworks/OpenGL.framework/Headers -I/usr/include/taglib .sconf_temp/conftest_18.c
  |
scons: Configure: ".sconf_temp/conftest_18" is up to date.
scons: Configure: The original builder output was:
  |gcc -o .sconf_temp/conftest_18 -arch x86_64 -framework QtCore -framework QtOpenGL -framework QtGui -framework QtSql -framework QtXml -framework QtXmlPatterns -framework QtNetwork -framework QtSql -framework QtScript -framework QtWebKit -Wl,-rpath,/Library/Frameworks/lib -framework OpenGL .sconf_temp/conftest_18.o -L/usr/local/lib -L/sw/lib -L/opt/local/lib -lportaudio -lportmidi -lsndfile -lFLAC -lvorbisfile -lvorbis -logg -ltag -lprotobuf-lite
  |
scons: Configure: (cached) yes

scons: Configure: Checking for C library libmad... 
scons: Configure: ".sconf_temp/conftest_19.c" is up to date.
scons: Configure: The original builder output was:
  |.sconf_temp/conftest_19.c <-
  |  |
  |  |
  |  |
  |  |int
  |  |main() {
  |  |  
  |  |return 0;
  |  |}
  |  |
  |
scons: Configure: ".sconf_temp/conftest_19.o" is up to date.
scons: Configure: The original builder output was:
  |gcc -o .sconf_temp/conftest_19.o -c -arch x86_64 -pipe -Wall -Wextra -g -Dx86_64 "-DSETTINGS_PATH=\"Library/Application Support/Mixxx/\"" -DBPMSCHEME_FILE=\"mixxxbpmscheme.xml\" -DSETTINGS_FILE=\"mixxx.cfg\" -DTRACK_FILE=\"mixxxtrack.xml\" -DSOUNDTOUCH_ALLOW_X86_OPTIMIZATIONS -D__PORTAUDIO__ -DQT_SHARED -DQT_TABLET_SUPPORT -D__SNDFILE__ -I/Library/Frameworks/include -I/usr/local/include -I/sw/include -I/opt/local/include -Iosx64_build -Isrc -Ilib/soundtouch-1.6.0 -Ilib/replaygain -I/Library/Frameworks/QtCore.framework/Headers -I/Library/Frameworks/QtOpenGL.framework/Headers -I/Library/Frameworks/QtGui.framework/Headers -I/Library/Frameworks/QtXml.framework/Headers -I/Library/Frameworks/QtNetwork.framework/Headers -I/Library/Frameworks/QtSql.framework/Headers -I/Library/Frameworks/QtWebKit.framework/Headers -I/Library/Frameworks/QtScript.framework/Headers -Ilib/fidlib-0.9.10 -I/Library/Frameworks/OpenGL.framework/Headers -I/usr/include/taglib .sconf_temp/conftest_19.c
  |
scons: Configure: ".sconf_temp/conftest_19" is up to date.
scons: Configure: The original builder output was:
  |gcc -o .sconf_temp/conftest_19 -arch x86_64 -framework QtCore -framework QtOpenGL -framework QtGui -framework QtSql -framework QtXml -framework QtXmlPatterns -framework QtNetwork -framework QtSql -framework QtScript -framework QtWebKit -Wl,-rpath,/Library/Frameworks/lib -framework OpenGL .sconf_temp/conftest_19.o -L/usr/local/lib -L/sw/lib -L/opt/local/lib -lportaudio -lportmidi -lsndfile -lFLAC -lvorbisfile -lvorbis -logg -ltag -lprotobuf-lite -lmad
  |
scons: Configure: (cached) yes

scons: Configure: Checking for C library libid3tag... 
scons: Configure: ".sconf_temp/conftest_20.c" is up to date.
scons: Configure: The original builder output was:
  |.sconf_temp/conftest_20.c <-
  |  |
  |  |
  |  |
  |  |int
  |  |main() {
  |  |  
  |  |return 0;
  |  |}
  |  |
  |
scons: Configure: ".sconf_temp/conftest_20.o" is up to date.
scons: Configure: The original builder output was:
  |gcc -o .sconf_temp/conftest_20.o -c -arch x86_64 -pipe -Wall -Wextra -g -Dx86_64 "-DSETTINGS_PATH=\"Library/Application Support/Mixxx/\"" -DBPMSCHEME_FILE=\"mixxxbpmscheme.xml\" -DSETTINGS_FILE=\"mixxx.cfg\" -DTRACK_FILE=\"mixxxtrack.xml\" -DSOUNDTOUCH_ALLOW_X86_OPTIMIZATIONS -D__PORTAUDIO__ -DQT_SHARED -DQT_TABLET_SUPPORT -D__SNDFILE__ -I/Library/Frameworks/include -I/usr/local/include -I/sw/include -I/opt/local/include -Iosx64_build -Isrc -Ilib/soundtouch-1.6.0 -Ilib/replaygain -I/Library/Frameworks/QtCore.framework/Headers -I/Library/Frameworks/QtOpenGL.framework/Headers -I/Library/Frameworks/QtGui.framework/Headers -I/Library/Frameworks/QtXml.framework/Headers -I/Library/Frameworks/QtNetwork.framework/Headers -I/Library/Frameworks/QtSql.framework/Headers -I/Library/Frameworks/QtWebKit.framework/Headers -I/Library/Frameworks/QtScript.framework/Headers -Ilib/fidlib-0.9.10 -I/Library/Frameworks/OpenGL.framework/Headers -I/usr/include/taglib .sconf_temp/conftest_20.c
  |
scons: Configure: ".sconf_temp/conftest_20" is up to date.
scons: Configure: The original builder output was:
  |gcc -o .sconf_temp/conftest_20 -arch x86_64 -framework QtCore -framework QtOpenGL -framework QtGui -framework QtSql -framework QtXml -framework QtXmlPatterns -framework QtNetwork -framework QtSql -framework QtScript -framework QtWebKit -Wl,-rpath,/Library/Frameworks/lib -framework OpenGL .sconf_temp/conftest_20.o -L/usr/local/lib -L/sw/lib -L/opt/local/lib -lportaudio -lportmidi -lsndfile -lFLAC -lvorbisfile -lvorbis -logg -ltag -lprotobuf-lite -lmad -lid3tag
  |
scons: Configure: (cached) yes

scons: Configure: Checking for C library libshout... 
scons: Configure: ".sconf_temp/conftest_21.c" is up to date.
scons: Configure: The original builder output was:
  |.sconf_temp/conftest_21.c <-
  |  |
  |  |
  |  |
  |  |int
  |  |main() {
  |  |  
  |  |return 0;
  |  |}
  |  |
  |
scons: Configure: ".sconf_temp/conftest_21.o" is up to date.
scons: Configure: The original builder output was:
  |gcc -o .sconf_temp/conftest_21.o -c -arch x86_64 -pipe -Wall -Wextra -g -Dx86_64 "-DSETTINGS_PATH=\"Library/Application Support/Mixxx/\"" -DBPMSCHEME_FILE=\"mixxxbpmscheme.xml\" -DSETTINGS_FILE=\"mixxx.cfg\" -DTRACK_FILE=\"mixxxtrack.xml\" -DSOUNDTOUCH_ALLOW_X86_OPTIMIZATIONS -D__PORTAUDIO__ -DQT_SHARED -DQT_TABLET_SUPPORT -D__SNDFILE__ -D__MAD__ -D__HID__ -D__VINYLCONTROL__ -I/Library/Frameworks/include -I/usr/local/include -I/sw/include -I/opt/local/include -Iosx64_build -Isrc -Ilib/soundtouch-1.6.0 -Ilib/replaygain -I/Library/Frameworks/QtCore.framework/Headers -I/Library/Frameworks/QtOpenGL.framework/Headers -I/Library/Frameworks/QtGui.framework/Headers -I/Library/Frameworks/QtXml.framework/Headers -I/Library/Frameworks/QtNetwork.framework/Headers -I/Library/Frameworks/QtSql.framework/Headers -I/Library/Frameworks/QtWebKit.framework/Headers -I/Library/Frameworks/QtScript.framework/Headers -Ilib/fidlib-0.9.10 -I/Library/Frameworks/OpenGL.framework/Headers -I/usr/include/taglib -Ilib/hidapi-0.7.0/hidapi -Ilib/xwax -Ilib/scratchlib .sconf_temp/conftest_21.c
  |
scons: Configure: ".sconf_temp/conftest_21" is up to date.
scons: Configure: The original builder output was:
  |gcc -o .sconf_temp/conftest_21 -arch x86_64 -framework QtCore -framework QtOpenGL -framework QtGui -framework QtSql -framework QtXml -framework QtXmlPatterns -framework QtNetwork -framework QtSql -framework QtScript -framework QtWebKit -Wl,-rpath,/Library/Frameworks/lib -framework OpenGL -framework IOKit -framework CoreFoundation .sconf_temp/conftest_21.o -L/usr/local/lib -L/sw/lib -L/opt/local/lib -lportaudio -lportmidi -lsndfile -lFLAC -lvorbisfile -lvorbis -logg -ltag -lprotobuf-lite -lmad -lid3tag -lshout
  |
scons: Configure: (cached) yes

scons: Configure: Checking for C library libvorbisenc... 
scons: Configure: ".sconf_temp/conftest_22.c" is up to date.
scons: Configure: The original builder output was:
  |.sconf_temp/conftest_22.c <-
  |  |
  |  |
  |  |
  |  |int
  |  |main() {
  |  |  
  |  |return 0;
  |  |}
  |  |
  |
scons: Configure: ".sconf_temp/conftest_22.o" is up to date.
scons: Configure: The original builder output was:
  |gcc -o .sconf_temp/conftest_22.o -c -arch x86_64 -pipe -Wall -Wextra -g -Dx86_64 "-DSETTINGS_PATH=\"Library/Application Support/Mixxx/\"" -DBPMSCHEME_FILE=\"mixxxbpmscheme.xml\" -DSETTINGS_FILE=\"mixxx.cfg\" -DTRACK_FILE=\"mixxxtrack.xml\" -DSOUNDTOUCH_ALLOW_X86_OPTIMIZATIONS -D__PORTAUDIO__ -DQT_SHARED -DQT_TABLET_SUPPORT -D__SNDFILE__ -D__MAD__ -D__HID__ -D__VINYLCONTROL__ -D__SHOUTCAST__ -I/Library/Frameworks/include -I/usr/local/include -I/sw/include -I/opt/local/include -Iosx64_build -Isrc -Ilib/soundtouch-1.6.0 -Ilib/replaygain -I/Library/Frameworks/QtCore.framework/Headers -I/Library/Frameworks/QtOpenGL.framework/Headers -I/Library/Frameworks/QtGui.framework/Headers -I/Library/Frameworks/QtXml.framework/Headers -I/Library/Frameworks/QtNetwork.framework/Headers -I/Library/Frameworks/QtSql.framework/Headers -I/Library/Frameworks/QtWebKit.framework/Headers -I/Library/Frameworks/QtScript.framework/Headers -Ilib/fidlib-0.9.10 -I/Library/Frameworks/OpenGL.framework/Headers -I/usr/include/taglib -Ilib/hidapi-0.7.0/hidapi -Ilib/xwax -Ilib/scratchlib .sconf_temp/conftest_22.c
  |
scons: Configure: ".sconf_temp/conftest_22" is up to date.
scons: Configure: The original builder output was:
  |gcc -o .sconf_temp/conftest_22 -arch x86_64 -framework QtCore -framework QtOpenGL -framework QtGui -framework QtSql -framework QtXml -framework QtXmlPatterns -framework QtNetwork -framework QtSql -framework QtScript -framework QtWebKit -Wl,-rpath,/Library/Frameworks/lib -framework OpenGL -framework IOKit -framework CoreFoundation .sconf_temp/conftest_22.o -L/usr/local/lib -L/sw/lib -L/opt/local/lib -lportaudio -lportmidi -lsndfile -lFLAC -lvorbisfile -lvorbis -logg -ltag -lprotobuf-lite -lmad -lid3tag -lshout -lvorbisenc
  |
scons: Configure: (cached) yes

scons: Configure: Checking for C library vamp-hostsdk... 
scons: Configure: ".sconf_temp/conftest_23.c" is up to date.
scons: Configure: The original builder output was:
  |.sconf_temp/conftest_23.c <-
  |  |
  |  |
  |  |
  |  |int
  |  |main() {
  |  |  
  |  |return 0;
  |  |}
  |  |
  |
scons: Configure: ".sconf_temp/conftest_23.o" is up to date.
scons: Configure: The original builder output was:
  |gcc -o .sconf_temp/conftest_23.o -c -arch x86_64 -pipe -Wall -Wextra -g -O3 -fomit-frame-pointer -ffast-math -funroll-loops -Dx86_64 "-DSETTINGS_PATH=\"Library/Application Support/Mixxx/\"" -DBPMSCHEME_FILE=\"mixxxbpmscheme.xml\" -DSETTINGS_FILE=\"mixxx.cfg\" -DTRACK_FILE=\"mixxxtrack.xml\" -DSOUNDTOUCH_ALLOW_X86_OPTIMIZATIONS -D__PORTAUDIO__ -DQT_SHARED -DQT_TABLET_SUPPORT -D__SNDFILE__ -D__MAD__ -D__HID__ -D__VINYLCONTROL__ -D__SHOUTCAST__ -I/Library/Frameworks/include -I/usr/local/include -I/sw/include -I/opt/local/include -Iosx64_build -Isrc -Ilib/soundtouch-1.6.0 -Ilib/replaygain -I/Library/Frameworks/QtCore.framework/Headers -I/Library/Frameworks/QtOpenGL.framework/Headers -I/Library/Frameworks/QtGui.framework/Headers -I/Library/Frameworks/QtXml.framework/Headers -I/Library/Frameworks/QtNetwork.framework/Headers -I/Library/Frameworks/QtSql.framework/Headers -I/Library/Frameworks/QtWebKit.framework/Headers -I/Library/Frameworks/QtScript.framework/Headers -Ilib/fidlib-0.9.10 -I/Library/Frameworks/OpenGL.framework/Headers -I/usr/include/taglib -Ilib/hidapi-0.7.0/hidapi -Ilib/xwax -Ilib/scratchlib .sconf_temp/conftest_23.c
  |
scons: Configure: Building ".sconf_temp/conftest_23" failed in a previous run and all its sources are up to date.
scons: Configure: The original builder output was:
  |gcc -o .sconf_temp/conftest_23 -arch x86_64 -framework QtCore -framework QtOpenGL -framework QtGui -framework QtSql -framework QtXml -framework QtXmlPatterns -framework QtNetwork -framework QtSql -framework QtScript -framework QtWebKit -Wl,-rpath,/Library/Frameworks/lib -framework OpenGL -framework IOKit -framework CoreFoundation .sconf_temp/conftest_23.o -L/usr/local/lib -L/sw/lib -L/opt/local/lib -lportaudio -lportmidi -lsndfile -lFLAC -lvorbisfile -lvorbis -logg -ltag -lprotobuf-lite -lmad -lid3tag -lshout -lvorbisenc -lvamp-hostsdk
  |
scons: Configure: (cached) no

scons: Configure: Checking for C header file fftw3.h... 
scons: Configure: ".sconf_temp/conftest_24.c" is up to date.
scons: Configure: The original builder output was:
  |.sconf_temp/conftest_24.c <-
  |  |
  |  |#include <fftw3.h>
  |  |
  |  |
  |
scons: Configure: Building ".sconf_temp/conftest_24.o" failed in a previous run and all its sources are up to date.
scons: Configure: The original builder output was:
  |gcc -o .sconf_temp/conftest_24.o -c -arch x86_64 -pipe -Wall -Wextra -g -O3 -fomit-frame-pointer -ffast-math -funroll-loops -Dx86_64 "-DSETTINGS_PATH=\"Library/Application Support/Mixxx/\"" -DBPMSCHEME_FILE=\"mixxxbpmscheme.xml\" -DSETTINGS_FILE=\"mixxx.cfg\" -DTRACK_FILE=\"mixxxtrack.xml\" -DSOUNDTOUCH_ALLOW_X86_OPTIMIZATIONS -D__PORTAUDIO__ -DQT_SHARED -DQT_TABLET_SUPPORT -D__SNDFILE__ -D__MAD__ -D__HID__ -D__VINYLCONTROL__ -D__SHOUTCAST__ -D__VAMP__ -I/Library/Frameworks/include -I/usr/local/include -I/sw/include -I/opt/local/include -Iosx64_build -Isrc -Ilib/soundtouch-1.6.0 -Ilib/replaygain -I/Library/Frameworks/QtCore.framework/Headers -I/Library/Frameworks/QtOpenGL.framework/Headers -I/Library/Frameworks/QtGui.framework/Headers -I/Library/Frameworks/QtXml.framework/Headers -I/Library/Frameworks/QtNetwork.framework/Headers -I/Library/Frameworks/QtSql.framework/Headers -I/Library/Frameworks/QtWebKit.framework/Headers -I/Library/Frameworks/QtScript.framework/Headers -Ilib/fidlib-0.9.10 -I/Library/Frameworks/OpenGL.framework/Headers -I/usr/include/taglib -Ilib/hidapi-0.7.0/hidapi -Ilib/xwax -Ilib/scratchlib -Ilib/vamp-2.3 .sconf_temp/conftest_24.c
  |
scons: Configure: (cached) no

scons: Configure: Checking for C library fftw3... 
scons: Configure: ".sconf_temp/conftest_25.c" is up to date.
scons: Configure: The original builder output was:
  |.sconf_temp/conftest_25.c <-
  |  |
  |  |
  |  |
  |  |int
  |  |main() {
  |  |  
  |  |return 0;
  |  |}
  |  |
  |
scons: Configure: ".sconf_temp/conftest_25.o" is up to date.
scons: Configure: The original builder output was:
  |gcc -o .sconf_temp/conftest_25.o -c -arch x86_64 -pipe -Wall -Wextra -g -O3 -fomit-frame-pointer -ffast-math -funroll-loops -Dx86_64 "-DSETTINGS_PATH=\"Library/Application Support/Mixxx/\"" -DBPMSCHEME_FILE=\"mixxxbpmscheme.xml\" -DSETTINGS_FILE=\"mixxx.cfg\" -DTRACK_FILE=\"mixxxtrack.xml\" -DSOUNDTOUCH_ALLOW_X86_OPTIMIZATIONS -D__PORTAUDIO__ -DQT_SHARED -DQT_TABLET_SUPPORT -D__SNDFILE__ -D__MAD__ -D__HID__ -D__VINYLCONTROL__ -D__SHOUTCAST__ -D__VAMP__ -I/Library/Frameworks/include -I/usr/local/include -I/sw/include -I/opt/local/include -Iosx64_build -Isrc -Ilib/soundtouch-1.6.0 -Ilib/replaygain -I/Library/Frameworks/QtCore.framework/Headers -I/Library/Frameworks/QtOpenGL.framework/Headers -I/Library/Frameworks/QtGui.framework/Headers -I/Library/Frameworks/QtXml.framework/Headers -I/Library/Frameworks/QtNetwork.framework/Headers -I/Library/Frameworks/QtSql.framework/Headers -I/Library/Frameworks/QtWebKit.framework/Headers -I/Library/Frameworks/QtScript.framework/Headers -Ilib/fidlib-0.9.10 -I/Library/Frameworks/OpenGL.framework/Headers -I/usr/include/taglib -Ilib/hidapi-0.7.0/hidapi -Ilib/xwax -Ilib/scratchlib -Ilib/vamp-2.3 .sconf_temp/conftest_25.c
  |
scons: Configure: Building ".sconf_temp/conftest_25" failed in a previous run and all its sources are up to date.
scons: Configure: The original builder output was:
  |gcc -o .sconf_temp/conftest_25 -arch x86_64 -framework QtCore -framework QtOpenGL -framework QtGui -framework QtSql -framework QtXml -framework QtXmlPatterns -framework QtNetwork -framework QtSql -framework QtScript -framework QtWebKit -Wl,-rpath,/Library/Frameworks/lib -framework OpenGL -framework IOKit -framework CoreFoundation .sconf_temp/conftest_25.o -L/usr/local/lib -L/sw/lib -L/opt/local/lib -lportaudio -lportmidi -lsndfile -lFLAC -lvorbisfile -lvorbis -logg -ltag -lprotobuf-lite -lmad -lid3tag -lshout -lvorbisenc -lfftw3
  |
scons: Configure: (cached) no


file /Users/scottstewart/Mixxx/smstewart_advanced_autodj/mixxx/vamp-plugins/SConscript,line 45:
	Configure(confdir = .sconf_temp)
scons: Configure: Checking for C library vamp-sdk... 
scons: Configure: ".sconf_temp/conftest_26.c" is up to date.
scons: Configure: The original builder output was:
  |.sconf_temp/conftest_26.c <-
  |  |
  |  |
  |  |
  |  |int
  |  |main() {
  |  |  
  |  |return 0;
  |  |}
  |  |
  |
scons: Configure: ".sconf_temp/conftest_26.o" is up to date.
scons: Configure: The original builder output was:
  |gcc -o .sconf_temp/conftest_26.o -c -arch x86_64 -pipe -Wall -Wextra -g -O3 -fomit-frame-pointer -ffast-math -funroll-loops -Dx86_64 "-DSETTINGS_PATH=\"Library/Application Support/Mixxx/\"" -DBPMSCHEME_FILE=\"mixxxbpmscheme.xml\" -DSETTINGS_FILE=\"mixxx.cfg\" -DTRACK_FILE=\"mixxxtrack.xml\" -DSOUNDTOUCH_ALLOW_X86_OPTIMIZATIONS -D__PORTAUDIO__ -DQT_SHARED -DQT_TABLET_SUPPORT -D__SNDFILE__ -D__MAD__ -D__HID__ -D__VINYLCONTROL__ -D__SHOUTCAST__ -D__VAMP__ -I/Library/Frameworks/include -I/usr/local/include -I/sw/include -I/opt/local/include -Iosx64_build/vamp-plugins -Ivamp-plugins -Isrc/vamp-plugins -Ilib/soundtouch-1.6.0 -Ilib/replaygain -I/Library/Frameworks/QtCore.framework/Headers -I/Library/Frameworks/QtOpenGL.framework/Headers -I/Library/Frameworks/QtGui.framework/Headers -I/Library/Frameworks/QtXml.framework/Headers -I/Library/Frameworks/QtNetwork.framework/Headers -I/Library/Frameworks/QtSql.framework/Headers -I/Library/Frameworks/QtWebKit.framework/Headers -I/Library/Frameworks/QtScript.framework/Headers -Ilib/fidlib-0.9.10 -I/Library/Frameworks/OpenGL.framework/Headers -I/usr/include/taglib -Ilib/hidapi-0.7.0/hidapi -Ilib/xwax -Ilib/scratchlib -Ilib/vamp-2.3 .sconf_temp/conftest_26.c
  |
scons: Configure: Building ".sconf_temp/conftest_26" failed in a previous run and all its sources are up to date.
scons: Configure: The original builder output was:
  |gcc -o .sconf_temp/conftest_26 -arch x86_64 -framework QtCore -framework QtOpenGL -framework QtGui -framework QtSql -framework QtXml -framework QtXmlPatterns -framework QtNetwork -framework QtSql -framework QtScript -framework QtWebKit -Wl,-rpath,/Library/Frameworks/lib -framework OpenGL -framework IOKit -framework CoreFoundation -headerpad=ffff -headerpad_max_install_names .sconf_temp/conftest_26.o -L/usr/local/lib -L/sw/lib -L/opt/local/lib -lportaudio -lportmidi -lsndfile -lFLAC -lvorbisfile -lvorbis -logg -ltag -lprotobuf-lite -lmad -lid3tag -lshout -lvorbisenc -lvamp-sdk
  |
scons: Configure: (cached) no


